Using pre-set license
Built from '2020.3/staging' branch; Version is '2020.3.0f1 (c7b5465681fb) revision 13088070'; Using compiler version '192528614'; Build Type 'Release'
OS: 'Windows 10 Pro; OS build 19041.867; Version 2004; 64bit' Language: 'es' Physical Memory: 32702 MB
BatchMode: 1, IsHumanControllingUs: 0, StartBugReporterOnCrash: 0, Is64bit: 1, IsPro: 0

 COMMAND LINE ARGUMENTS:
C:\Program Files\Unity\Hub\Editor\2020.3.0f1\Editor\Unity.exe
-adb2
-batchMode
-noUpm
-name
AssetImportWorker0
-projectPath
D:/Uni/4 A単o/TFG/Proyecto/GitHub/Orb-of-Deception/Orb Of Deception
-logFile
Logs/AssetImportWorker0.log
-srvPort
59366
Successfully changed project path to: D:/Uni/4 A単o/TFG/Proyecto/GitHub/Orb-of-Deception/Orb Of Deception
D:/Uni/4 A単o/TFG/Proyecto/GitHub/Orb-of-Deception/Orb Of Deception
Using Asset Import Pipeline V2.
Refreshing native plugins compatible for Editor in 49.45 ms, found 0 plugins.
Preloading 0 native plugins for Editor in 0.00 ms.
Initialize engine version: 2020.3.0f1 (c7b5465681fb)
[Subsystems] Discovering subsystems at path C:/Program Files/Unity/Hub/Editor/2020.3.0f1/Editor/Data/Resources/UnitySubsystems
[Subsystems] Discovering subsystems at path D:/Uni/4 A単o/TFG/Proyecto/GitHub/Orb-of-Deception/Orb Of Deception/Assets
GfxDevice: creating device client; threaded=0
Direct3D:
    Version:  Direct3D 11.0 [level 11.1]
    Renderer: NVIDIA GeForce RTX 2060 (ID=0x1f08)
    Vendor:   
    VRAM:     5980 MB
    Driver:   27.21.14.5671
Shader 'Universal Render Pipeline/Particles/Lit': fallback shader 'Universal Render Pipeline/Particles/SimpleLit' not found
Initialize mono
Mono path[0] = 'C:/Program Files/Unity/Hub/Editor/2020.3.0f1/Editor/Data/Managed'
Mono path[1] = 'C:/Program Files/Unity/Hub/Editor/2020.3.0f1/Editor/Data/MonoBleedingEdge/lib/mono/unityjit'
Mono config path = 'C:/Program Files/Unity/Hub/Editor/2020.3.0f1/Editor/Data/MonoBleedingEdge/etc'
Using monoOptions --debugger-agent=transport=dt_socket,embedding=1,server=y,suspend=n,address=127.0.0.1:56832
Begin MonoManager ReloadAssembly
Registering precompiled unity dll's ...
Register platform support module: C:/Program Files/Unity/Hub/Editor/2020.3.0f1/Editor/Data/PlaybackEngines/WebGLSupport/UnityEditor.WebGL.Extensions.dll
Register platform support module: C:/Program Files/Unity/Hub/Editor/2020.3.0f1/Editor/Data/PlaybackEngines/WindowsStandaloneSupport/UnityEditor.WindowsStandalone.Extensions.dll
Registered in 0.002297 seconds.
Native extension for WindowsStandalone target not found
Native extension for WebGL target not found
Refreshing native plugins compatible for Editor in 81.25 ms, found 0 plugins.
Preloading 0 native plugins for Editor in 0.00 ms.
Invoked RoslynAnalysisRunner static constructor.
RoslynAnalysisRunner will not be running.
RoslynAnalysisRunner has terminated.
Mono: successfully reloaded assembly
- Completed reload, in  1.243 seconds
Platform modules already initialized, skipping
Registering precompiled user dll's ...
Registered in 0.002379 seconds.
Begin MonoManager ReloadAssembly
Native extension for WindowsStandalone target not found
Native extension for WebGL target not found
Refreshing native plugins compatible for Editor in 54.41 ms, found 0 plugins.
Preloading 0 native plugins for Editor in 0.00 ms.
Invoked RoslynAnalysisRunner static constructor.
RoslynAnalysisRunner will not be running.
RoslynAnalysisRunner has terminated.
Mono: successfully reloaded assembly
- Completed reload, in  0.931 seconds
Platform modules already initialized, skipping
========================================================================
Worker process is ready to serve import requests
Shader 'Universal Render Pipeline/Particles/Lit': fallback shader 'Universal Render Pipeline/Particles/SimpleLit' not found
Launched and connected shader compiler UnityShaderCompiler.exe after 0.05 seconds
Refreshing native plugins compatible for Editor in 0.54 ms, found 0 plugins.
Preloading 0 native plugins for Editor in 0.00 ms.
Unloading 3277 Unused Serialized files (Serialized files now loaded: 0)
System memory in use before: 148.7 MB.
System memory in use after: 148.9 MB.

Unloading 21 unused Assets to reduce memory usage. Loaded Objects now: 3728.
Total: 3.205200 ms (FindLiveObjects: 0.734000 ms CreateObjectMapping: 0.271100 ms MarkObjects: 2.123200 ms  DeleteObjects: 0.075300 ms)

========================================================================
Received Prepare
Registering precompiled user dll's ...
Registered in 0.002649 seconds.
Begin MonoManager ReloadAssembly
Native extension for WindowsStandalone target not found
Native extension for WebGL target not found
Refreshing native plugins compatible for Editor in 0.51 ms, found 0 plugins.
Preloading 0 native plugins for Editor in 0.00 ms.
Invoked RoslynAnalysisRunner static constructor.
RoslynAnalysisRunner will not be running.
RoslynAnalysisRunner has terminated.
Mono: successfully reloaded assembly
- Completed reload, in  0.811 seconds
Platform modules already initialized, skipping
Shader 'Universal Render Pipeline/Particles/Lit': fallback shader 'Universal Render Pipeline/Particles/SimpleLit' not found
Refreshing native plugins compatible for Editor in 0.50 ms, found 0 plugins.
Preloading 0 native plugins for Editor in 0.00 ms.
Unloading 3124 Unused Serialized files (Serialized files now loaded: 0)
System memory in use before: 139.6 MB.
System memory in use after: 139.8 MB.

Unloading 11 unused Assets to reduce memory usage. Loaded Objects now: 3731.
Total: 3.267500 ms (FindLiveObjects: 0.320400 ms CreateObjectMapping: 0.193800 ms MarkObjects: 2.731800 ms  DeleteObjects: 0.020200 ms)

========================================================================
Received Prepare
Registering precompiled user dll's ...
Registered in 0.002749 seconds.
Begin MonoManager ReloadAssembly
Native extension for WindowsStandalone target not found
Native extension for WebGL target not found
Refreshing native plugins compatible for Editor in 0.52 ms, found 0 plugins.
Preloading 0 native plugins for Editor in 0.00 ms.
Invoked RoslynAnalysisRunner static constructor.
RoslynAnalysisRunner will not be running.
RoslynAnalysisRunner has terminated.
Mono: successfully reloaded assembly
- Completed reload, in  0.804 seconds
Platform modules already initialized, skipping
Shader 'Universal Render Pipeline/Particles/Lit': fallback shader 'Universal Render Pipeline/Particles/SimpleLit' not found
Refreshing native plugins compatible for Editor in 0.52 ms, found 0 plugins.
Preloading 0 native plugins for Editor in 0.00 ms.
Unloading 3124 Unused Serialized files (Serialized files now loaded: 0)
System memory in use before: 139.6 MB.
System memory in use after: 139.9 MB.

Unloading 11 unused Assets to reduce memory usage. Loaded Objects now: 3734.
Total: 2.149900 ms (FindLiveObjects: 0.251000 ms CreateObjectMapping: 0.127300 ms MarkObjects: 1.755900 ms  DeleteObjects: 0.015100 ms)

========================================================================
Received Import Request.
  path: Assets/Input
  artifactKey: Guid(3faf7e2ab7138b84c8a5fbc6a8568415) Importer(815301076,1909f56bfc062723c751e8b465ee728b)
Start importing Assets/Input using Guid(3faf7e2ab7138b84c8a5fbc6a8568415) Importer(815301076,1909f56bfc062723c751e8b465ee728b)  -> (artifact id: '5f8171f00a20effebc482c8ddd93e410') in 0.004111 seconds
  Import took 0.008431 seconds .

========================================================================
Received Import Request.
  Time since last request: 41.497891 seconds.
  path: Assets/Input/player.inputactions
  artifactKey: Guid(68b8ae586d7b56641a796b322e1649b0) Importer(815301076,1909f56bfc062723c751e8b465ee728b)
Start importing Assets/Input/player.inputactions using Guid(68b8ae586d7b56641a796b322e1649b0) Importer(815301076,1909f56bfc062723c751e8b465ee728b)  -> (artifact id: 'a9d123a5b211912e0781a5f7ffd6183d') in 0.051517 seconds
  Import took 0.055780 seconds .

========================================================================
Received Import Request.
  Time since last request: 14.721686 seconds.
  path: Assets/Input/player.inputactions
  artifactKey: Guid(68b8ae586d7b56641a796b322e1649b0) Importer(815301076,1909f56bfc062723c751e8b465ee728b)
Start importing Assets/Input/player.inputactions using Guid(68b8ae586d7b56641a796b322e1649b0) Importer(815301076,1909f56bfc062723c751e8b465ee728b)  -> (artifact id: '0f2f67fdc12e8a9127722e76f906fc62') in 0.004963 seconds
  Import took 0.009478 seconds .

========================================================================
Received Import Request.
  Time since last request: 600.266814 seconds.
  path: Assets/Input/player.inputactions
  artifactKey: Guid(68b8ae586d7b56641a796b322e1649b0) Importer(815301076,1909f56bfc062723c751e8b465ee728b)
Start importing Assets/Input/player.inputactions using Guid(68b8ae586d7b56641a796b322e1649b0) Importer(815301076,1909f56bfc062723c751e8b465ee728b)  -> (artifact id: '1e11a4744f4bb83273fbeceded638ed6') in 0.002951 seconds
  Import took 0.008358 seconds .

========================================================================
Received Prepare
Registering precompiled user dll's ...
Registered in 0.002406 seconds.
Begin MonoManager ReloadAssembly
Native extension for WindowsStandalone target not found
Native extension for WebGL target not found
Refreshing native plugins compatible for Editor in 0.52 ms, found 0 plugins.
Preloading 0 native plugins for Editor in 0.00 ms.
Invoked RoslynAnalysisRunner static constructor.
RoslynAnalysisRunner will not be running.
RoslynAnalysisRunner has terminated.
Mono: successfully reloaded assembly
- Completed reload, in  0.819 seconds
Platform modules already initialized, skipping
Shader 'Universal Render Pipeline/Particles/Lit': fallback shader 'Universal Render Pipeline/Particles/SimpleLit' not found
Refreshing native plugins compatible for Editor in 0.56 ms, found 0 plugins.
Preloading 0 native plugins for Editor in 0.00 ms.
Unloading 3125 Unused Serialized files (Serialized files now loaded: 0)
System memory in use before: 139.7 MB.
System memory in use after: 139.9 MB.

Unloading 11 unused Assets to reduce memory usage. Loaded Objects now: 3738.
Total: 2.181300 ms (FindLiveObjects: 0.250600 ms CreateObjectMapping: 0.112000 ms MarkObjects: 1.801100 ms  DeleteObjects: 0.016700 ms)

========================================================================
Received Import Request.
  Time since last request: 16.701272 seconds.
  path: Assets/Input/player.cs
  artifactKey: Guid(bf96656742c792842815f503a2ce7015) Importer(815301076,1909f56bfc062723c751e8b465ee728b)
Start importing Assets/Input/player.cs using Guid(bf96656742c792842815f503a2ce7015) Importer(815301076,1909f56bfc062723c751e8b465ee728b)  -> (artifact id: '6cf863c852b9eae4f582a37e461423ec') in 0.011060 seconds
  Import took 0.015286 seconds .

========================================================================
Received Import Request.
  Time since last request: 0.011930 seconds.
  path: Assets/Input/player.cs
  artifactKey: Guid(bf96656742c792842815f503a2ce7015) Importer(815301076,1909f56bfc062723c751e8b465ee728b)
Start importing Assets/Input/player.cs using Guid(bf96656742c792842815f503a2ce7015) Importer(815301076,1909f56bfc062723c751e8b465ee728b)  -> (artifact id: '6cf863c852b9eae4f582a37e461423ec') in 0.001257 seconds
  Import took 0.005624 seconds .

========================================================================
Received Import Request.
  Time since last request: 4.943083 seconds.
  path: Assets/Input/Player.inputactions
  artifactKey: Guid(68b8ae586d7b56641a796b322e1649b0) Importer(815301076,1909f56bfc062723c751e8b465ee728b)
Start importing Assets/Input/Player.inputactions using Guid(68b8ae586d7b56641a796b322e1649b0) Importer(815301076,1909f56bfc062723c751e8b465ee728b)  -> (artifact id: 'd0a9580b831f1ae2de4a7482d420b5fd') in 0.015277 seconds
  Import took 0.019444 seconds .

========================================================================
Received Import Request.
  Time since last request: 0.035313 seconds.
  path: Assets/Input/Player.inputactions
  artifactKey: Guid(68b8ae586d7b56641a796b322e1649b0) Importer(815301076,1909f56bfc062723c751e8b465ee728b)
Start importing Assets/Input/Player.inputactions using Guid(68b8ae586d7b56641a796b322e1649b0) Importer(815301076,1909f56bfc062723c751e8b465ee728b)  -> (artifact id: 'd0a9580b831f1ae2de4a7482d420b5fd') in 0.002103 seconds
  Import took 0.006682 seconds .

========================================================================
Received Prepare
Registering precompiled user dll's ...
Registered in 0.002703 seconds.
Begin MonoManager ReloadAssembly
Native extension for WindowsStandalone target not found
Native extension for WebGL target not found
Refreshing native plugins compatible for Editor in 0.51 ms, found 0 plugins.
Preloading 0 native plugins for Editor in 0.00 ms.
Invoked RoslynAnalysisRunner static constructor.
RoslynAnalysisRunner will not be running.
RoslynAnalysisRunner has terminated.
Mono: successfully reloaded assembly
- Completed reload, in  0.812 seconds
Platform modules already initialized, skipping
Shader 'Universal Render Pipeline/Particles/Lit': fallback shader 'Universal Render Pipeline/Particles/SimpleLit' not found
Refreshing native plugins compatible for Editor in 0.52 ms, found 0 plugins.
Preloading 0 native plugins for Editor in 0.00 ms.
Unloading 3125 Unused Serialized files (Serialized files now loaded: 0)
System memory in use before: 139.7 MB.
System memory in use after: 140.0 MB.

Unloading 11 unused Assets to reduce memory usage. Loaded Objects now: 3741.
Total: 2.284600 ms (FindLiveObjects: 0.281000 ms CreateObjectMapping: 0.139700 ms MarkObjects: 1.844300 ms  DeleteObjects: 0.018600 ms)

========================================================================
Received Import Request.
  Time since last request: 3.944795 seconds.
  path: Assets/Input/player.cs
  artifactKey: Guid(bf96656742c792842815f503a2ce7015) Importer(815301076,1909f56bfc062723c751e8b465ee728b)
Start importing Assets/Input/player.cs using Guid(bf96656742c792842815f503a2ce7015) Importer(815301076,1909f56bfc062723c751e8b465ee728b)  -> (artifact id: 'b4716cda162e8bd10d7d32296a087054') in 0.003926 seconds
  Import took 0.008006 seconds .

========================================================================
Received Import Request.
  Time since last request: 12.834836 seconds.
  path: Assets/Input/Player.cs
  artifactKey: Guid(bf96656742c792842815f503a2ce7015) Importer(815301076,1909f56bfc062723c751e8b465ee728b)
Start importing Assets/Input/Player.cs using Guid(bf96656742c792842815f503a2ce7015) Importer(815301076,1909f56bfc062723c751e8b465ee728b)  -> (artifact id: 'eaab335566a2e58b7f05a04a2e6717c5') in 0.001323 seconds
  Import took 0.005678 seconds .

========================================================================
Received Prepare
Registering precompiled user dll's ...
Registered in 0.002397 seconds.
Begin MonoManager ReloadAssembly
Native extension for WindowsStandalone target not found
Native extension for WebGL target not found
Refreshing native plugins compatible for Editor in 0.58 ms, found 0 plugins.
Preloading 0 native plugins for Editor in 0.00 ms.
Invoked RoslynAnalysisRunner static constructor.
RoslynAnalysisRunner will not be running.
RoslynAnalysisRunner has terminated.
Mono: successfully reloaded assembly
- Completed reload, in  0.800 seconds
Platform modules already initialized, skipping
Shader 'Universal Render Pipeline/Particles/Lit': fallback shader 'Universal Render Pipeline/Particles/SimpleLit' not found
Refreshing native plugins compatible for Editor in 0.51 ms, found 0 plugins.
Preloading 0 native plugins for Editor in 0.00 ms.
Unloading 3125 Unused Serialized files (Serialized files now loaded: 0)
System memory in use before: 139.7 MB.
System memory in use after: 140.0 MB.

Unloading 11 unused Assets to reduce memory usage. Loaded Objects now: 3744.
Total: 2.128200 ms (FindLiveObjects: 0.257800 ms CreateObjectMapping: 0.124700 ms MarkObjects: 1.730300 ms  DeleteObjects: 0.014600 ms)

========================================================================
Received Import Request.
  Time since last request: 104.786506 seconds.
  path: Assets/Input/Player.inputactions
  artifactKey: Guid(68b8ae586d7b56641a796b322e1649b0) Importer(815301076,1909f56bfc062723c751e8b465ee728b)
Start importing Assets/Input/Player.inputactions using Guid(68b8ae586d7b56641a796b322e1649b0) Importer(815301076,1909f56bfc062723c751e8b465ee728b)  -> (artifact id: '7dd2eafba067ea5a6da3dae324da57e0') in 0.018158 seconds
  Import took 0.022913 seconds .

========================================================================
Received Prepare
Registering precompiled user dll's ...
Registered in 0.002710 seconds.
Begin MonoManager ReloadAssembly
Native extension for WindowsStandalone target not found
Native extension for WebGL target not found
Refreshing native plugins compatible for Editor in 0.51 ms, found 0 plugins.
Preloading 0 native plugins for Editor in 0.00 ms.
Invoked RoslynAnalysisRunner static constructor.
RoslynAnalysisRunner will not be running.
RoslynAnalysisRunner has terminated.
Mono: successfully reloaded assembly
- Completed reload, in  0.841 seconds
Platform modules already initialized, skipping
Shader 'Universal Render Pipeline/Particles/Lit': fallback shader 'Universal Render Pipeline/Particles/SimpleLit' not found
Refreshing native plugins compatible for Editor in 0.53 ms, found 0 plugins.
Preloading 0 native plugins for Editor in 0.00 ms.
Unloading 3125 Unused Serialized files (Serialized files now loaded: 0)
System memory in use before: 139.8 MB.
System memory in use after: 140.0 MB.

Unloading 11 unused Assets to reduce memory usage. Loaded Objects now: 3747.
Total: 2.321900 ms (FindLiveObjects: 0.290200 ms CreateObjectMapping: 0.143700 ms MarkObjects: 1.867100 ms  DeleteObjects: 0.019300 ms)

========================================================================
Received Prepare
Registering precompiled user dll's ...
Registered in 0.002551 seconds.
Begin MonoManager ReloadAssembly
Native extension for WindowsStandalone target not found
Native extension for WebGL target not found
Refreshing native plugins compatible for Editor in 0.52 ms, found 0 plugins.
Preloading 0 native plugins for Editor in 0.00 ms.
Invoked RoslynAnalysisRunner static constructor.
RoslynAnalysisRunner will not be running.
RoslynAnalysisRunner has terminated.
Mono: successfully reloaded assembly
- Completed reload, in  0.817 seconds
Platform modules already initialized, skipping
Shader 'Universal Render Pipeline/Particles/Lit': fallback shader 'Universal Render Pipeline/Particles/SimpleLit' not found
Refreshing native plugins compatible for Editor in 0.51 ms, found 0 plugins.
Preloading 0 native plugins for Editor in 0.00 ms.
Unloading 3125 Unused Serialized files (Serialized files now loaded: 0)
System memory in use before: 139.8 MB.
System memory in use after: 140.0 MB.

Unloading 11 unused Assets to reduce memory usage. Loaded Objects now: 3750.
Total: 2.434800 ms (FindLiveObjects: 0.337900 ms CreateObjectMapping: 0.157700 ms MarkObjects: 1.918500 ms  DeleteObjects: 0.019300 ms)

========================================================================
Received Import Request.
  Time since last request: 7.759699 seconds.
  path: Assets/Input/Player.inputactions
  artifactKey: Guid(68b8ae586d7b56641a796b322e1649b0) Importer(815301076,1909f56bfc062723c751e8b465ee728b)
Start importing Assets/Input/Player.inputactions using Guid(68b8ae586d7b56641a796b322e1649b0) Importer(815301076,1909f56bfc062723c751e8b465ee728b)  -> (artifact id: '54d3ed3800c41d5bcc6b40ac6119dae5') in 0.012931 seconds
  Import took 0.017294 seconds .

========================================================================
Received Prepare
Registering precompiled user dll's ...
Registered in 0.002549 seconds.
Begin MonoManager ReloadAssembly
Native extension for WindowsStandalone target not found
Native extension for WebGL target not found
Refreshing native plugins compatible for Editor in 0.59 ms, found 0 plugins.
Preloading 0 native plugins for Editor in 0.00 ms.
Invoked RoslynAnalysisRunner static constructor.
RoslynAnalysisRunner will not be running.
RoslynAnalysisRunner has terminated.
Mono: successfully reloaded assembly
- Completed reload, in  0.830 seconds
Platform modules already initialized, skipping
Shader 'Universal Render Pipeline/Particles/Lit': fallback shader 'Universal Render Pipeline/Particles/SimpleLit' not found
Refreshing native plugins compatible for Editor in 0.53 ms, found 0 plugins.
Preloading 0 native plugins for Editor in 0.00 ms.
Unloading 3125 Unused Serialized files (Serialized files now loaded: 0)
System memory in use before: 139.8 MB.
System memory in use after: 140.0 MB.

Unloading 11 unused Assets to reduce memory usage. Loaded Objects now: 3753.
Total: 2.516900 ms (FindLiveObjects: 0.312700 ms CreateObjectMapping: 0.200100 ms MarkObjects: 1.983400 ms  DeleteObjects: 0.019600 ms)

========================================================================
Received Prepare
Registering precompiled user dll's ...
Registered in 0.002580 seconds.
Begin MonoManager ReloadAssembly
Native extension for WindowsStandalone target not found
Native extension for WebGL target not found
Refreshing native plugins compatible for Editor in 0.50 ms, found 0 plugins.
Preloading 0 native plugins for Editor in 0.00 ms.
Invoked RoslynAnalysisRunner static constructor.
RoslynAnalysisRunner will not be running.
RoslynAnalysisRunner has terminated.
Mono: successfully reloaded assembly
- Completed reload, in  0.792 seconds
Platform modules already initialized, skipping
Shader 'Universal Render Pipeline/Particles/Lit': fallback shader 'Universal Render Pipeline/Particles/SimpleLit' not found
Refreshing native plugins compatible for Editor in 0.54 ms, found 0 plugins.
Preloading 0 native plugins for Editor in 0.00 ms.
Unloading 3125 Unused Serialized files (Serialized files now loaded: 0)
System memory in use before: 139.8 MB.
System memory in use after: 140.0 MB.

Unloading 11 unused Assets to reduce memory usage. Loaded Objects now: 3756.
Total: 2.154800 ms (FindLiveObjects: 0.248200 ms CreateObjectMapping: 0.128100 ms MarkObjects: 1.761900 ms  DeleteObjects: 0.015800 ms)

========================================================================
Received Import Request.
  Time since last request: 17.233525 seconds.
  path: Assets/Input/Player.inputactions
  artifactKey: Guid(68b8ae586d7b56641a796b322e1649b0) Importer(815301076,1909f56bfc062723c751e8b465ee728b)
Start importing Assets/Input/Player.inputactions using Guid(68b8ae586d7b56641a796b322e1649b0) Importer(815301076,1909f56bfc062723c751e8b465ee728b)  -> (artifact id: 'c6b9e2e6339aab67018792ba811d6d8f') in 0.017585 seconds
  Import took 0.022527 seconds .

========================================================================
Received Prepare
Registering precompiled user dll's ...
Registered in 0.002501 seconds.
Begin MonoManager ReloadAssembly
Native extension for WindowsStandalone target not found
Native extension for WebGL target not found
Refreshing native plugins compatible for Editor in 0.51 ms, found 0 plugins.
Preloading 0 native plugins for Editor in 0.00 ms.
Invoked RoslynAnalysisRunner static constructor.
RoslynAnalysisRunner will not be running.
RoslynAnalysisRunner has terminated.
Mono: successfully reloaded assembly
- Completed reload, in  0.790 seconds
Platform modules already initialized, skipping
Shader 'Universal Render Pipeline/Particles/Lit': fallback shader 'Universal Render Pipeline/Particles/SimpleLit' not found
Refreshing native plugins compatible for Editor in 0.58 ms, found 0 plugins.
Preloading 0 native plugins for Editor in 0.00 ms.
Unloading 3125 Unused Serialized files (Serialized files now loaded: 0)
System memory in use before: 139.8 MB.
System memory in use after: 140.0 MB.

Unloading 11 unused Assets to reduce memory usage. Loaded Objects now: 3759.
Total: 2.152300 ms (FindLiveObjects: 0.263300 ms CreateObjectMapping: 0.121600 ms MarkObjects: 1.751700 ms  DeleteObjects: 0.014800 ms)

========================================================================
Received Import Request.
  Time since last request: 6.181180 seconds.
  path: Assets/Input/Player.inputactions
  artifactKey: Guid(68b8ae586d7b56641a796b322e1649b0) Importer(815301076,1909f56bfc062723c751e8b465ee728b)
Start importing Assets/Input/Player.inputactions using Guid(68b8ae586d7b56641a796b322e1649b0) Importer(815301076,1909f56bfc062723c751e8b465ee728b)  -> (artifact id: '480322dadd08983b81fc93fad3d562da') in 0.017532 seconds
  Import took 0.022168 seconds .

========================================================================
Received Import Request.
  Time since last request: 0.024133 seconds.
  path: Assets/Input/Player.inputactions
  artifactKey: Guid(68b8ae586d7b56641a796b322e1649b0) Importer(815301076,1909f56bfc062723c751e8b465ee728b)
Start importing Assets/Input/Player.inputactions using Guid(68b8ae586d7b56641a796b322e1649b0) Importer(815301076,1909f56bfc062723c751e8b465ee728b)  -> (artifact id: '480322dadd08983b81fc93fad3d562da') in 0.002309 seconds
  Import took 0.007185 seconds .

========================================================================
Received Prepare
Registering precompiled user dll's ...
Registered in 0.002471 seconds.
Begin MonoManager ReloadAssembly
Native extension for WindowsStandalone target not found
Native extension for WebGL target not found
Refreshing native plugins compatible for Editor in 0.51 ms, found 0 plugins.
Preloading 0 native plugins for Editor in 0.00 ms.
Invoked RoslynAnalysisRunner static constructor.
RoslynAnalysisRunner will not be running.
RoslynAnalysisRunner has terminated.
Mono: successfully reloaded assembly
- Completed reload, in  0.788 seconds
Platform modules already initialized, skipping
Shader 'Universal Render Pipeline/Particles/Lit': fallback shader 'Universal Render Pipeline/Particles/SimpleLit' not found
Refreshing native plugins compatible for Editor in 0.50 ms, found 0 plugins.
Preloading 0 native plugins for Editor in 0.00 ms.
Unloading 3125 Unused Serialized files (Serialized files now loaded: 0)
System memory in use before: 139.8 MB.
System memory in use after: 140.0 MB.

Unloading 11 unused Assets to reduce memory usage. Loaded Objects now: 3762.
Total: 2.155800 ms (FindLiveObjects: 0.256300 ms CreateObjectMapping: 0.125100 ms MarkObjects: 1.759200 ms  DeleteObjects: 0.014500 ms)

========================================================================
Received Import Request.
  Time since last request: 4.592732 seconds.
  path: Assets/Input/Player.inputactions
  artifactKey: Guid(68b8ae586d7b56641a796b322e1649b0) Importer(815301076,1909f56bfc062723c751e8b465ee728b)
Start importing Assets/Input/Player.inputactions using Guid(68b8ae586d7b56641a796b322e1649b0) Importer(815301076,1909f56bfc062723c751e8b465ee728b)  -> (artifact id: '364beae661c08ba16f80afd6352dadd2') in 0.016975 seconds
  Import took 0.021540 seconds .

========================================================================
Received Prepare
Registering precompiled user dll's ...
Registered in 0.002450 seconds.
Begin MonoManager ReloadAssembly
Native extension for WindowsStandalone target not found
Native extension for WebGL target not found
Refreshing native plugins compatible for Editor in 0.52 ms, found 0 plugins.
Preloading 0 native plugins for Editor in 0.00 ms.
Invoked RoslynAnalysisRunner static constructor.
RoslynAnalysisRunner will not be running.
RoslynAnalysisRunner has terminated.
Mono: successfully reloaded assembly
- Completed reload, in  0.795 seconds
Platform modules already initialized, skipping
Shader 'Universal Render Pipeline/Particles/Lit': fallback shader 'Universal Render Pipeline/Particles/SimpleLit' not found
Refreshing native plugins compatible for Editor in 0.50 ms, found 0 plugins.
Preloading 0 native plugins for Editor in 0.00 ms.
Unloading 3125 Unused Serialized files (Serialized files now loaded: 0)
System memory in use before: 139.8 MB.
System memory in use after: 140.0 MB.

Unloading 11 unused Assets to reduce memory usage. Loaded Objects now: 3765.
Total: 2.182700 ms (FindLiveObjects: 0.271400 ms CreateObjectMapping: 0.131100 ms MarkObjects: 1.764600 ms  DeleteObjects: 0.014800 ms)

========================================================================
Received Import Request.
  Time since last request: 4.469465 seconds.
  path: Assets/Input/Player.inputactions
  artifactKey: Guid(68b8ae586d7b56641a796b322e1649b0) Importer(815301076,1909f56bfc062723c751e8b465ee728b)
Start importing Assets/Input/Player.inputactions using Guid(68b8ae586d7b56641a796b322e1649b0) Importer(815301076,1909f56bfc062723c751e8b465ee728b)  -> (artifact id: '29864066c16b478956971745aae2316f') in 0.016368 seconds
  Import took 0.021212 seconds .

========================================================================
Received Prepare
Registering precompiled user dll's ...
Registered in 0.002935 seconds.
Begin MonoManager ReloadAssembly
Native extension for WindowsStandalone target not found
Native extension for WebGL target not found
Refreshing native plugins compatible for Editor in 0.53 ms, found 0 plugins.
Preloading 0 native plugins for Editor in 0.00 ms.
Invoked RoslynAnalysisRunner static constructor.
RoslynAnalysisRunner will not be running.
RoslynAnalysisRunner has terminated.
Mono: successfully reloaded assembly
- Completed reload, in  0.790 seconds
Platform modules already initialized, skipping
Shader 'Universal Render Pipeline/Particles/Lit': fallback shader 'Universal Render Pipeline/Particles/SimpleLit' not found
Refreshing native plugins compatible for Editor in 0.50 ms, found 0 plugins.
Preloading 0 native plugins for Editor in 0.00 ms.
Unloading 3125 Unused Serialized files (Serialized files now loaded: 0)
System memory in use before: 139.8 MB.
System memory in use after: 140.0 MB.

Unloading 11 unused Assets to reduce memory usage. Loaded Objects now: 3768.
Total: 2.116800 ms (FindLiveObjects: 0.252600 ms CreateObjectMapping: 0.126700 ms MarkObjects: 1.720900 ms  DeleteObjects: 0.015800 ms)

========================================================================
Received Import Request.
  Time since last request: 21.387993 seconds.
  path: Assets/Input/Player.inputactions
  artifactKey: Guid(68b8ae586d7b56641a796b322e1649b0) Importer(815301076,1909f56bfc062723c751e8b465ee728b)
Start importing Assets/Input/Player.inputactions using Guid(68b8ae586d7b56641a796b322e1649b0) Importer(815301076,1909f56bfc062723c751e8b465ee728b)  -> (artifact id: '03127fae6e702ac76f1db511afb63cd4') in 0.017975 seconds
  Import took 0.023139 seconds .

========================================================================
Received Import Request.
  Time since last request: 0.070086 seconds.
  path: Assets/Input/Player.inputactions
  artifactKey: Guid(68b8ae586d7b56641a796b322e1649b0) Importer(815301076,1909f56bfc062723c751e8b465ee728b)
Start importing Assets/Input/Player.inputactions using Guid(68b8ae586d7b56641a796b322e1649b0) Importer(815301076,1909f56bfc062723c751e8b465ee728b)  -> (artifact id: '03127fae6e702ac76f1db511afb63cd4') in 0.002003 seconds
  Import took 0.006651 seconds .

========================================================================
Received Prepare
Registering precompiled user dll's ...
Registered in 0.002425 seconds.
Begin MonoManager ReloadAssembly
Native extension for WindowsStandalone target not found
Native extension for WebGL target not found
Refreshing native plugins compatible for Editor in 0.52 ms, found 0 plugins.
Preloading 0 native plugins for Editor in 0.00 ms.
Invoked RoslynAnalysisRunner static constructor.
RoslynAnalysisRunner will not be running.
RoslynAnalysisRunner has terminated.
Mono: successfully reloaded assembly
- Completed reload, in  0.783 seconds
Platform modules already initialized, skipping
Shader 'Universal Render Pipeline/Particles/Lit': fallback shader 'Universal Render Pipeline/Particles/SimpleLit' not found
Refreshing native plugins compatible for Editor in 0.50 ms, found 0 plugins.
Preloading 0 native plugins for Editor in 0.00 ms.
Unloading 3125 Unused Serialized files (Serialized files now loaded: 0)
System memory in use before: 139.8 MB.
System memory in use after: 140.1 MB.

Unloading 11 unused Assets to reduce memory usage. Loaded Objects now: 3771.
Total: 2.666100 ms (FindLiveObjects: 0.421800 ms CreateObjectMapping: 0.232200 ms MarkObjects: 1.990800 ms  DeleteObjects: 0.020000 ms)

========================================================================
Received Import Request.
  Time since last request: 6.254882 seconds.
  path: Assets/Input/Player.inputactions
  artifactKey: Guid(68b8ae586d7b56641a796b322e1649b0) Importer(815301076,1909f56bfc062723c751e8b465ee728b)
Start importing Assets/Input/Player.inputactions using Guid(68b8ae586d7b56641a796b322e1649b0) Importer(815301076,1909f56bfc062723c751e8b465ee728b)  -> (artifact id: '409c73b392ff201963fa931e8e49538e') in 0.014658 seconds
  Import took 0.019933 seconds .

========================================================================
Received Prepare
Registering precompiled user dll's ...
Registered in 0.002389 seconds.
Begin MonoManager ReloadAssembly
Native extension for WindowsStandalone target not found
Native extension for WebGL target not found
Refreshing native plugins compatible for Editor in 0.50 ms, found 0 plugins.
Preloading 0 native plugins for Editor in 0.00 ms.
Invoked RoslynAnalysisRunner static constructor.
RoslynAnalysisRunner will not be running.
RoslynAnalysisRunner has terminated.
Mono: successfully reloaded assembly
- Completed reload, in  0.766 seconds
Platform modules already initialized, skipping
Shader 'Universal Render Pipeline/Particles/Lit': fallback shader 'Universal Render Pipeline/Particles/SimpleLit' not found
Refreshing native plugins compatible for Editor in 0.51 ms, found 0 plugins.
Preloading 0 native plugins for Editor in 0.00 ms.
Unloading 3125 Unused Serialized files (Serialized files now loaded: 0)
System memory in use before: 139.8 MB.
System memory in use after: 140.1 MB.

Unloading 11 unused Assets to reduce memory usage. Loaded Objects now: 3774.
Total: 2.810700 ms (FindLiveObjects: 0.360300 ms CreateObjectMapping: 0.183500 ms MarkObjects: 2.235300 ms  DeleteObjects: 0.030300 ms)

========================================================================
Received Import Request.
  Time since last request: 60.878891 seconds.
  path: Assets/Input/Player.inputactions
  artifactKey: Guid(68b8ae586d7b56641a796b322e1649b0) Importer(815301076,1909f56bfc062723c751e8b465ee728b)
Start importing Assets/Input/Player.inputactions using Guid(68b8ae586d7b56641a796b322e1649b0) Importer(815301076,1909f56bfc062723c751e8b465ee728b)  -> (artifact id: 'b5126e20ed3b552ca0b3495f950b91dd') in 0.015352 seconds
  Import took 0.020383 seconds .

========================================================================
Received Prepare
Registering precompiled user dll's ...
Registered in 0.002627 seconds.
Begin MonoManager ReloadAssembly
Native extension for WindowsStandalone target not found
Native extension for WebGL target not found
Refreshing native plugins compatible for Editor in 0.51 ms, found 0 plugins.
Preloading 0 native plugins for Editor in 0.00 ms.
Invoked RoslynAnalysisRunner static constructor.
RoslynAnalysisRunner will not be running.
RoslynAnalysisRunner has terminated.
Mono: successfully reloaded assembly
- Completed reload, in  0.796 seconds
Platform modules already initialized, skipping
Shader 'Universal Render Pipeline/Particles/Lit': fallback shader 'Universal Render Pipeline/Particles/SimpleLit' not found
Refreshing native plugins compatible for Editor in 0.51 ms, found 0 plugins.
Preloading 0 native plugins for Editor in 0.00 ms.
Unloading 3125 Unused Serialized files (Serialized files now loaded: 0)
System memory in use before: 139.8 MB.
System memory in use after: 140.1 MB.

Unloading 11 unused Assets to reduce memory usage. Loaded Objects now: 3777.
Total: 2.183400 ms (FindLiveObjects: 0.252100 ms CreateObjectMapping: 0.125600 ms MarkObjects: 1.789500 ms  DeleteObjects: 0.015500 ms)

========================================================================
Received Import Request.
  Time since last request: 505.267514 seconds.
  path: Assets/Input/Player.inputactions
  artifactKey: Guid(68b8ae586d7b56641a796b322e1649b0) Importer(815301076,1909f56bfc062723c751e8b465ee728b)
Start importing Assets/Input/Player.inputactions using Guid(68b8ae586d7b56641a796b322e1649b0) Importer(815301076,1909f56bfc062723c751e8b465ee728b)  -> (artifact id: '534153674cf95a8de8077bda05cd5077') in 0.019228 seconds
  Import took 0.024382 seconds .

========================================================================
Received Prepare
Registering precompiled user dll's ...
Registered in 0.002417 seconds.
Begin MonoManager ReloadAssembly
Native extension for WindowsStandalone target not found
Native extension for WebGL target not found
Refreshing native plugins compatible for Editor in 0.51 ms, found 0 plugins.
Preloading 0 native plugins for Editor in 0.00 ms.
Invoked RoslynAnalysisRunner static constructor.
RoslynAnalysisRunner will not be running.
RoslynAnalysisRunner has terminated.
Mono: successfully reloaded assembly
- Completed reload, in  0.809 seconds
Platform modules already initialized, skipping
Shader 'Universal Render Pipeline/Particles/Lit': fallback shader 'Universal Render Pipeline/Particles/SimpleLit' not found
Refreshing native plugins compatible for Editor in 0.52 ms, found 0 plugins.
Preloading 0 native plugins for Editor in 0.00 ms.
Unloading 3125 Unused Serialized files (Serialized files now loaded: 0)
System memory in use before: 139.8 MB.
System memory in use after: 140.1 MB.

Unloading 11 unused Assets to reduce memory usage. Loaded Objects now: 3780.
Total: 2.435700 ms (FindLiveObjects: 0.311100 ms CreateObjectMapping: 0.148900 ms MarkObjects: 1.957200 ms  DeleteObjects: 0.017700 ms)

========================================================================
Received Prepare
Registering precompiled user dll's ...
Registered in 0.002495 seconds.
Begin MonoManager ReloadAssembly
Native extension for WindowsStandalone target not found
Native extension for WebGL target not found
Refreshing native plugins compatible for Editor in 0.51 ms, found 0 plugins.
Preloading 0 native plugins for Editor in 0.00 ms.
Invoked RoslynAnalysisRunner static constructor.
RoslynAnalysisRunner will not be running.
RoslynAnalysisRunner has terminated.
Mono: successfully reloaded assembly
- Completed reload, in  0.789 seconds
Platform modules already initialized, skipping
Shader 'Universal Render Pipeline/Particles/Lit': fallback shader 'Universal Render Pipeline/Particles/SimpleLit' not found
Refreshing native plugins compatible for Editor in 0.50 ms, found 0 plugins.
Preloading 0 native plugins for Editor in 0.00 ms.
Unloading 3125 Unused Serialized files (Serialized files now loaded: 0)
System memory in use before: 139.9 MB.
System memory in use after: 140.1 MB.

Unloading 11 unused Assets to reduce memory usage. Loaded Objects now: 3783.
Total: 2.477500 ms (FindLiveObjects: 0.334800 ms CreateObjectMapping: 0.156400 ms MarkObjects: 1.965300 ms  DeleteObjects: 0.019400 ms)

========================================================================
Received Prepare
Registering precompiled user dll's ...
Registered in 0.002452 seconds.
Begin MonoManager ReloadAssembly
Native extension for WindowsStandalone target not found
Native extension for WebGL target not found
Refreshing native plugins compatible for Editor in 0.54 ms, found 0 plugins.
Preloading 0 native plugins for Editor in 0.00 ms.
Invoked RoslynAnalysisRunner static constructor.
RoslynAnalysisRunner will not be running.
RoslynAnalysisRunner has terminated.
Mono: successfully reloaded assembly
- Completed reload, in  0.793 seconds
Platform modules already initialized, skipping
Shader 'Universal Render Pipeline/Particles/Lit': fallback shader 'Universal Render Pipeline/Particles/SimpleLit' not found
Refreshing native plugins compatible for Editor in 0.50 ms, found 0 plugins.
Preloading 0 native plugins for Editor in 0.00 ms.
Unloading 3125 Unused Serialized files (Serialized files now loaded: 0)
System memory in use before: 139.9 MB.
System memory in use after: 140.1 MB.

Unloading 11 unused Assets to reduce memory usage. Loaded Objects now: 3786.
Total: 2.315000 ms (FindLiveObjects: 0.296100 ms CreateObjectMapping: 0.152500 ms MarkObjects: 1.847900 ms  DeleteObjects: 0.017500 ms)

========================================================================
Received Prepare
Registering precompiled user dll's ...
Registered in 0.002742 seconds.
Begin MonoManager ReloadAssembly
Native extension for WindowsStandalone target not found
Native extension for WebGL target not found
Refreshing native plugins compatible for Editor in 0.54 ms, found 0 plugins.
Preloading 0 native plugins for Editor in 0.00 ms.
Invoked RoslynAnalysisRunner static constructor.
RoslynAnalysisRunner will not be running.
RoslynAnalysisRunner has terminated.
Mono: successfully reloaded assembly
- Completed reload, in  0.797 seconds
Platform modules already initialized, skipping
Shader 'Universal Render Pipeline/Particles/Lit': fallback shader 'Universal Render Pipeline/Particles/SimpleLit' not found
Refreshing native plugins compatible for Editor in 0.51 ms, found 0 plugins.
Preloading 0 native plugins for Editor in 0.00 ms.
Unloading 3126 Unused Serialized files (Serialized files now loaded: 0)
System memory in use before: 139.9 MB.
System memory in use after: 140.1 MB.

Unloading 11 unused Assets to reduce memory usage. Loaded Objects now: 3790.
Total: 2.318400 ms (FindLiveObjects: 0.282700 ms CreateObjectMapping: 0.148200 ms MarkObjects: 1.869600 ms  DeleteObjects: 0.017300 ms)

========================================================================
Received Prepare
Registering precompiled user dll's ...
Registered in 0.002445 seconds.
Begin MonoManager ReloadAssembly
Native extension for WindowsStandalone target not found
Native extension for WebGL target not found
Refreshing native plugins compatible for Editor in 0.52 ms, found 0 plugins.
Preloading 0 native plugins for Editor in 0.00 ms.
Invoked RoslynAnalysisRunner static constructor.
RoslynAnalysisRunner will not be running.
RoslynAnalysisRunner has terminated.
Mono: successfully reloaded assembly
- Completed reload, in  0.824 seconds
Platform modules already initialized, skipping
Shader 'Universal Render Pipeline/Particles/Lit': fallback shader 'Universal Render Pipeline/Particles/SimpleLit' not found
Refreshing native plugins compatible for Editor in 0.49 ms, found 0 plugins.
Preloading 0 native plugins for Editor in 0.00 ms.
Unloading 3126 Unused Serialized files (Serialized files now loaded: 0)
System memory in use before: 139.9 MB.
System memory in use after: 140.1 MB.

Unloading 11 unused Assets to reduce memory usage. Loaded Objects now: 3793.
Total: 2.153100 ms (FindLiveObjects: 0.244000 ms CreateObjectMapping: 0.117000 ms MarkObjects: 1.775300 ms  DeleteObjects: 0.016200 ms)

========================================================================
Received Prepare
Registering precompiled user dll's ...
Registered in 0.002606 seconds.
Begin MonoManager ReloadAssembly
Native extension for WindowsStandalone target not found
Native extension for WebGL target not found
Refreshing native plugins compatible for Editor in 0.54 ms, found 0 plugins.
Preloading 0 native plugins for Editor in 0.00 ms.
Invoked RoslynAnalysisRunner static constructor.
RoslynAnalysisRunner will not be running.
RoslynAnalysisRunner has terminated.
Mono: successfully reloaded assembly
- Completed reload, in  0.789 seconds
Platform modules already initialized, skipping
Shader 'Universal Render Pipeline/Particles/Lit': fallback shader 'Universal Render Pipeline/Particles/SimpleLit' not found
Refreshing native plugins compatible for Editor in 0.57 ms, found 0 plugins.
Preloading 0 native plugins for Editor in 0.00 ms.
Unloading 3126 Unused Serialized files (Serialized files now loaded: 0)
System memory in use before: 139.9 MB.
System memory in use after: 140.1 MB.

Unloading 11 unused Assets to reduce memory usage. Loaded Objects now: 3796.
Total: 2.342600 ms (FindLiveObjects: 0.311200 ms CreateObjectMapping: 0.144100 ms MarkObjects: 1.870200 ms  DeleteObjects: 0.016300 ms)

========================================================================
Received Prepare
Registering precompiled user dll's ...
Registered in 0.002504 seconds.
Begin MonoManager ReloadAssembly
Native extension for WindowsStandalone target not found
Native extension for WebGL target not found
Refreshing native plugins compatible for Editor in 0.52 ms, found 0 plugins.
Preloading 0 native plugins for Editor in 0.00 ms.
Invoked RoslynAnalysisRunner static constructor.
RoslynAnalysisRunner will not be running.
RoslynAnalysisRunner has terminated.
Mono: successfully reloaded assembly
- Completed reload, in  0.797 seconds
Platform modules already initialized, skipping
Shader 'Universal Render Pipeline/Particles/Lit': fallback shader 'Universal Render Pipeline/Particles/SimpleLit' not found
Refreshing native plugins compatible for Editor in 0.57 ms, found 0 plugins.
Preloading 0 native plugins for Editor in 0.00 ms.
Unloading 3126 Unused Serialized files (Serialized files now loaded: 0)
System memory in use before: 139.9 MB.
System memory in use after: 140.1 MB.

Unloading 11 unused Assets to reduce memory usage. Loaded Objects now: 3799.
Total: 2.083000 ms (FindLiveObjects: 0.257600 ms CreateObjectMapping: 0.124000 ms MarkObjects: 1.685600 ms  DeleteObjects: 0.015100 ms)

========================================================================
Received Prepare
Registering precompiled user dll's ...
Registered in 0.002489 seconds.
Begin MonoManager ReloadAssembly
Native extension for WindowsStandalone target not found
Native extension for WebGL target not found
Refreshing native plugins compatible for Editor in 0.52 ms, found 0 plugins.
Preloading 0 native plugins for Editor in 0.00 ms.
Invoked RoslynAnalysisRunner static constructor.
RoslynAnalysisRunner will not be running.
RoslynAnalysisRunner has terminated.
Mono: successfully reloaded assembly
- Completed reload, in  0.784 seconds
Platform modules already initialized, skipping
Shader 'Universal Render Pipeline/Particles/Lit': fallback shader 'Universal Render Pipeline/Particles/SimpleLit' not found
Refreshing native plugins compatible for Editor in 0.51 ms, found 0 plugins.
Preloading 0 native plugins for Editor in 0.00 ms.
Unloading 3126 Unused Serialized files (Serialized files now loaded: 0)
System memory in use before: 139.9 MB.
System memory in use after: 140.2 MB.

Unloading 11 unused Assets to reduce memory usage. Loaded Objects now: 3802.
Total: 2.386800 ms (FindLiveObjects: 0.286800 ms CreateObjectMapping: 0.154800 ms MarkObjects: 1.926200 ms  DeleteObjects: 0.018200 ms)

========================================================================
Received Import Request.
  Time since last request: 1540.438486 seconds.
  path: Assets/Scripts/Core/Input/Player.cs
  artifactKey: Guid(bf96656742c792842815f503a2ce7015) Importer(815301076,1909f56bfc062723c751e8b465ee728b)
Start importing Assets/Scripts/Core/Input/Player.cs using Guid(bf96656742c792842815f503a2ce7015) Importer(815301076,1909f56bfc062723c751e8b465ee728b)  -> (artifact id: '5b4932a0af09e2f61ec9b925a795b8ae') in 0.004039 seconds
  Import took 0.008301 seconds .

========================================================================
Received Import Request.
  Time since last request: 0.018269 seconds.
  path: Assets/Scripts/Core/Input/Player.cs
  artifactKey: Guid(bf96656742c792842815f503a2ce7015) Importer(815301076,1909f56bfc062723c751e8b465ee728b)
Start importing Assets/Scripts/Core/Input/Player.cs using Guid(bf96656742c792842815f503a2ce7015) Importer(815301076,1909f56bfc062723c751e8b465ee728b)  -> (artifact id: '5b4932a0af09e2f61ec9b925a795b8ae') in 0.001342 seconds
  Import took 0.005632 seconds .

========================================================================
Received Import Request.
  Time since last request: 16.648908 seconds.
  path: Assets/Scripts/Core/Input/PlayerInputEvents.cs
  artifactKey: Guid(a6e18169b7ec7d548b4a8c370f13e362) Importer(815301076,1909f56bfc062723c751e8b465ee728b)
Start importing Assets/Scripts/Core/Input/PlayerInputEvents.cs using Guid(a6e18169b7ec7d548b4a8c370f13e362) Importer(815301076,1909f56bfc062723c751e8b465ee728b)  -> (artifact id: 'a11dfc15efccec054edef7f49c85fe27') in 0.001888 seconds
  Import took 0.006266 seconds .

========================================================================
Received Import Request.
  Time since last request: 0.001741 seconds.
  path: Assets/Scripts/Core/Input/PlayerInputEvents.cs
  artifactKey: Guid(a6e18169b7ec7d548b4a8c370f13e362) Importer(815301076,1909f56bfc062723c751e8b465ee728b)
Start importing Assets/Scripts/Core/Input/PlayerInputEvents.cs using Guid(a6e18169b7ec7d548b4a8c370f13e362) Importer(815301076,1909f56bfc062723c751e8b465ee728b)  -> (artifact id: 'a11dfc15efccec054edef7f49c85fe27') in 0.001175 seconds
  Import took 0.005541 seconds .

========================================================================
Received Prepare
Registering precompiled user dll's ...
Registered in 0.002445 seconds.
Begin MonoManager ReloadAssembly
Native extension for WindowsStandalone target not found
Native extension for WebGL target not found
Refreshing native plugins compatible for Editor in 0.53 ms, found 0 plugins.
Preloading 0 native plugins for Editor in 0.00 ms.
Invoked RoslynAnalysisRunner static constructor.
RoslynAnalysisRunner will not be running.
RoslynAnalysisRunner has terminated.
Mono: successfully reloaded assembly
- Completed reload, in  0.790 seconds
Platform modules already initialized, skipping
Shader 'Universal Render Pipeline/Particles/Lit': fallback shader 'Universal Render Pipeline/Particles/SimpleLit' not found
Refreshing native plugins compatible for Editor in 0.50 ms, found 0 plugins.
Preloading 0 native plugins for Editor in 0.00 ms.
Unloading 3126 Unused Serialized files (Serialized files now loaded: 0)
System memory in use before: 139.9 MB.
System memory in use after: 140.2 MB.

Unloading 11 unused Assets to reduce memory usage. Loaded Objects now: 3805.
Total: 2.368400 ms (FindLiveObjects: 0.287900 ms CreateObjectMapping: 0.146500 ms MarkObjects: 1.915900 ms  DeleteObjects: 0.016900 ms)

========================================================================
Received Import Request.
  Time since last request: 367.197667 seconds.
  path: Assets/Scripts/Core/Input/PlayerInputEvents.cs
  artifactKey: Guid(a6e18169b7ec7d548b4a8c370f13e362) Importer(815301076,1909f56bfc062723c751e8b465ee728b)
Start importing Assets/Scripts/Core/Input/PlayerInputEvents.cs using Guid(a6e18169b7ec7d548b4a8c370f13e362) Importer(815301076,1909f56bfc062723c751e8b465ee728b)  -> (artifact id: 'cd241d6199fcd324abd4e4f16ba2fb1f') in 0.004115 seconds
  Import took 0.008264 seconds .

========================================================================
Received Import Request.
  Time since last request: 226.044989 seconds.
  path: Assets/URP/2D Renderer.asset
  artifactKey: Guid(e374d15043914144b88b948a05a93b6f) Importer(815301076,1909f56bfc062723c751e8b465ee728b)
Start importing Assets/URP/2D Renderer.asset using Guid(e374d15043914144b88b948a05a93b6f) Importer(815301076,1909f56bfc062723c751e8b465ee728b)  -> (artifact id: '545410a3d8ec1760a1a5ee9412441338') in 0.009844 seconds
  Import took 0.015099 seconds .

========================================================================
Received Import Request.
  Time since last request: 0.000286 seconds.
  path: Assets/AstarPathfindingProject/ExampleScenes/Materials/AI.mat
  artifactKey: Guid(db55ebdb9473a4a80a0037f64aafccce) Importer(815301076,1909f56bfc062723c751e8b465ee728b)
Start importing Assets/AstarPathfindingProject/ExampleScenes/Materials/AI.mat using Guid(db55ebdb9473a4a80a0037f64aafccce) Importer(815301076,1909f56bfc062723c751e8b465ee728b)  -> (artifact id: '7e9baea247874476775e90310064eedc') in 0.175213 seconds
  Import took 0.179319 seconds .

========================================================================
Received Import Request.
  Time since last request: 0.003225 seconds.
  path: Assets/AstarPathfindingProject/ExampleScenes/Materials/AI.mat
  artifactKey: Guid(db55ebdb9473a4a80a0037f64aafccce) Importer(815301076,1909f56bfc062723c751e8b465ee728b)
Start importing Assets/AstarPathfindingProject/ExampleScenes/Materials/AI.mat using Guid(db55ebdb9473a4a80a0037f64aafccce) Importer(815301076,1909f56bfc062723c751e8b465ee728b)  -> (artifact id: '7e9baea247874476775e90310064eedc') in 0.007590 seconds
  Import took 0.012115 seconds .

========================================================================
Received Prepare
Registering precompiled user dll's ...
Registered in 0.002543 seconds.
Begin MonoManager ReloadAssembly
Native extension for WindowsStandalone target not found
Native extension for WebGL target not found
Refreshing native plugins compatible for Editor in 0.54 ms, found 0 plugins.
Preloading 0 native plugins for Editor in 0.00 ms.
Invoked RoslynAnalysisRunner static constructor.
RoslynAnalysisRunner will not be running.
RoslynAnalysisRunner has terminated.
Mono: successfully reloaded assembly
- Completed reload, in  0.819 seconds
Platform modules already initialized, skipping
Shader 'Universal Render Pipeline/Particles/Lit': fallback shader 'Universal Render Pipeline/Particles/SimpleLit' not found
Refreshing native plugins compatible for Editor in 0.50 ms, found 0 plugins.
Preloading 0 native plugins for Editor in 0.00 ms.
Unloading 3126 Unused Serialized files (Serialized files now loaded: 0)
System memory in use before: 145.3 MB.
System memory in use after: 145.5 MB.

Unloading 11 unused Assets to reduce memory usage. Loaded Objects now: 3886.
Total: 2.292700 ms (FindLiveObjects: 0.274800 ms CreateObjectMapping: 0.127600 ms MarkObjects: 1.873300 ms  DeleteObjects: 0.015800 ms)

========================================================================
Received Prepare
Registering precompiled user dll's ...
Registered in 0.002466 seconds.
Begin MonoManager ReloadAssembly
Native extension for WindowsStandalone target not found
Native extension for WebGL target not found
Refreshing native plugins compatible for Editor in 0.53 ms, found 0 plugins.
Preloading 0 native plugins for Editor in 0.00 ms.
Invoked RoslynAnalysisRunner static constructor.
RoslynAnalysisRunner will not be running.
RoslynAnalysisRunner has terminated.
Mono: successfully reloaded assembly
- Completed reload, in  0.807 seconds
Platform modules already initialized, skipping
Shader 'Universal Render Pipeline/Particles/Lit': fallback shader 'Universal Render Pipeline/Particles/SimpleLit' not found
Refreshing native plugins compatible for Editor in 0.52 ms, found 0 plugins.
Preloading 0 native plugins for Editor in 0.00 ms.
Unloading 3126 Unused Serialized files (Serialized files now loaded: 0)
System memory in use before: 145.3 MB.
System memory in use after: 145.5 MB.

Unloading 11 unused Assets to reduce memory usage. Loaded Objects now: 3889.
Total: 2.218400 ms (FindLiveObjects: 0.281200 ms CreateObjectMapping: 0.125900 ms MarkObjects: 1.794800 ms  DeleteObjects: 0.015800 ms)

========================================================================
Received Prepare
Registering precompiled user dll's ...
Registered in 0.002469 seconds.
Begin MonoManager ReloadAssembly
Native extension for WindowsStandalone target not found
Native extension for WebGL target not found
Refreshing native plugins compatible for Editor in 0.50 ms, found 0 plugins.
Preloading 0 native plugins for Editor in 0.00 ms.
Invoked RoslynAnalysisRunner static constructor.
RoslynAnalysisRunner will not be running.
RoslynAnalysisRunner has terminated.
Mono: successfully reloaded assembly
- Completed reload, in  0.812 seconds
Platform modules already initialized, skipping
Shader 'Universal Render Pipeline/Particles/Lit': fallback shader 'Universal Render Pipeline/Particles/SimpleLit' not found
Refreshing native plugins compatible for Editor in 0.53 ms, found 0 plugins.
Preloading 0 native plugins for Editor in 0.00 ms.
Unloading 3126 Unused Serialized files (Serialized files now loaded: 0)
System memory in use before: 145.3 MB.
System memory in use after: 145.5 MB.

Unloading 11 unused Assets to reduce memory usage. Loaded Objects now: 3892.
Total: 2.224900 ms (FindLiveObjects: 0.277400 ms CreateObjectMapping: 0.127100 ms MarkObjects: 1.803800 ms  DeleteObjects: 0.015500 ms)

========================================================================
Received Prepare
Registering precompiled user dll's ...
Registered in 0.002659 seconds.
Begin MonoManager ReloadAssembly
Native extension for WindowsStandalone target not found
Native extension for WebGL target not found
Refreshing native plugins compatible for Editor in 0.52 ms, found 0 plugins.
Preloading 0 native plugins for Editor in 0.00 ms.
Invoked RoslynAnalysisRunner static constructor.
RoslynAnalysisRunner will not be running.
RoslynAnalysisRunner has terminated.
Mono: successfully reloaded assembly
- Completed reload, in  0.817 seconds
Platform modules already initialized, skipping
Shader 'Universal Render Pipeline/Particles/Lit': fallback shader 'Universal Render Pipeline/Particles/SimpleLit' not found
Refreshing native plugins compatible for Editor in 0.50 ms, found 0 plugins.
Preloading 0 native plugins for Editor in 0.00 ms.
Unloading 3126 Unused Serialized files (Serialized files now loaded: 0)
System memory in use before: 145.3 MB.
System memory in use after: 145.5 MB.

Unloading 11 unused Assets to reduce memory usage. Loaded Objects now: 3895.
Total: 2.410900 ms (FindLiveObjects: 0.300200 ms CreateObjectMapping: 0.141900 ms MarkObjects: 1.950800 ms  DeleteObjects: 0.016800 ms)

========================================================================
Received Prepare
Registering precompiled user dll's ...
Registered in 0.002541 seconds.
Begin MonoManager ReloadAssembly
Native extension for WindowsStandalone target not found
Native extension for WebGL target not found
Refreshing native plugins compatible for Editor in 0.51 ms, found 0 plugins.
Preloading 0 native plugins for Editor in 0.00 ms.
Invoked RoslynAnalysisRunner static constructor.
RoslynAnalysisRunner will not be running.
RoslynAnalysisRunner has terminated.
Mono: successfully reloaded assembly
- Completed reload, in  0.804 seconds
Platform modules already initialized, skipping
Shader 'Universal Render Pipeline/Particles/Lit': fallback shader 'Universal Render Pipeline/Particles/SimpleLit' not found
Refreshing native plugins compatible for Editor in 0.51 ms, found 0 plugins.
Preloading 0 native plugins for Editor in 0.00 ms.
Unloading 3126 Unused Serialized files (Serialized files now loaded: 0)
System memory in use before: 145.3 MB.
System memory in use after: 145.6 MB.

Unloading 11 unused Assets to reduce memory usage. Loaded Objects now: 3898.
Total: 2.360000 ms (FindLiveObjects: 0.357200 ms CreateObjectMapping: 0.125700 ms MarkObjects: 1.861500 ms  DeleteObjects: 0.014900 ms)

========================================================================
Received Prepare
Registering precompiled user dll's ...
Registered in 0.002489 seconds.
Begin MonoManager ReloadAssembly
Native extension for WindowsStandalone target not found
Native extension for WebGL target not found
Refreshing native plugins compatible for Editor in 0.52 ms, found 0 plugins.
Preloading 0 native plugins for Editor in 0.00 ms.
Invoked RoslynAnalysisRunner static constructor.
RoslynAnalysisRunner will not be running.
RoslynAnalysisRunner has terminated.
Mono: successfully reloaded assembly
- Completed reload, in  0.819 seconds
Platform modules already initialized, skipping
Shader 'Universal Render Pipeline/Particles/Lit': fallback shader 'Universal Render Pipeline/Particles/SimpleLit' not found
Refreshing native plugins compatible for Editor in 0.51 ms, found 0 plugins.
Preloading 0 native plugins for Editor in 0.00 ms.
Unloading 3126 Unused Serialized files (Serialized files now loaded: 0)
System memory in use before: 145.3 MB.
System memory in use after: 145.6 MB.

Unloading 11 unused Assets to reduce memory usage. Loaded Objects now: 3901.
Total: 2.160400 ms (FindLiveObjects: 0.299600 ms CreateObjectMapping: 0.133900 ms MarkObjects: 1.709900 ms  DeleteObjects: 0.016100 ms)

========================================================================
Received Prepare
Registering precompiled user dll's ...
Registered in 0.002712 seconds.
Begin MonoManager ReloadAssembly
Native extension for WindowsStandalone target not found
Native extension for WebGL target not found
Refreshing native plugins compatible for Editor in 0.50 ms, found 0 plugins.
Preloading 0 native plugins for Editor in 0.00 ms.
Invoked RoslynAnalysisRunner static constructor.
RoslynAnalysisRunner will not be running.
RoslynAnalysisRunner has terminated.
Mono: successfully reloaded assembly
- Completed reload, in  0.810 seconds
Platform modules already initialized, skipping
Shader 'Universal Render Pipeline/Particles/Lit': fallback shader 'Universal Render Pipeline/Particles/SimpleLit' not found
Refreshing native plugins compatible for Editor in 0.58 ms, found 0 plugins.
Preloading 0 native plugins for Editor in 0.00 ms.
Unloading 3126 Unused Serialized files (Serialized files now loaded: 0)
System memory in use before: 145.3 MB.
System memory in use after: 145.6 MB.

Unloading 11 unused Assets to reduce memory usage. Loaded Objects now: 3904.
Total: 2.936400 ms (FindLiveObjects: 0.506700 ms CreateObjectMapping: 0.234800 ms MarkObjects: 2.173600 ms  DeleteObjects: 0.020200 ms)

========================================================================
Received Prepare
Registering precompiled user dll's ...
Registered in 0.002496 seconds.
Begin MonoManager ReloadAssembly
Native extension for WindowsStandalone target not found
Native extension for WebGL target not found
Refreshing native plugins compatible for Editor in 0.51 ms, found 0 plugins.
Preloading 0 native plugins for Editor in 0.00 ms.
Invoked RoslynAnalysisRunner static constructor.
RoslynAnalysisRunner will not be running.
RoslynAnalysisRunner has terminated.
Mono: successfully reloaded assembly
- Completed reload, in  0.798 seconds
Platform modules already initialized, skipping
Shader 'Universal Render Pipeline/Particles/Lit': fallback shader 'Universal Render Pipeline/Particles/SimpleLit' not found
Refreshing native plugins compatible for Editor in 0.51 ms, found 0 plugins.
Preloading 0 native plugins for Editor in 0.00 ms.
Unloading 3126 Unused Serialized files (Serialized files now loaded: 0)
System memory in use before: 145.4 MB.
System memory in use after: 145.6 MB.

Unloading 11 unused Assets to reduce memory usage. Loaded Objects now: 3907.
Total: 2.449700 ms (FindLiveObjects: 0.319200 ms CreateObjectMapping: 0.153300 ms MarkObjects: 1.959900 ms  DeleteObjects: 0.016400 ms)

========================================================================
Received Import Request.
  Time since last request: 2916.205284 seconds.
  path: Assets/Scripts/Core/Input/Player.inputactions
  artifactKey: Guid(68b8ae586d7b56641a796b322e1649b0) Importer(815301076,1909f56bfc062723c751e8b465ee728b)
Start importing Assets/Scripts/Core/Input/Player.inputactions using Guid(68b8ae586d7b56641a796b322e1649b0) Importer(815301076,1909f56bfc062723c751e8b465ee728b)  -> (artifact id: 'a0674e78b40f2289b536b2302c400b87') in 0.017266 seconds
  Import took 0.023436 seconds .

========================================================================
Received Prepare
Registering precompiled user dll's ...
Registered in 0.002625 seconds.
Begin MonoManager ReloadAssembly
Native extension for WindowsStandalone target not found
Native extension for WebGL target not found
Refreshing native plugins compatible for Editor in 0.52 ms, found 0 plugins.
Preloading 0 native plugins for Editor in 0.00 ms.
Invoked RoslynAnalysisRunner static constructor.
RoslynAnalysisRunner will not be running.
RoslynAnalysisRunner has terminated.
Mono: successfully reloaded assembly
- Completed reload, in  0.793 seconds
Platform modules already initialized, skipping
Shader 'Universal Render Pipeline/Particles/Lit': fallback shader 'Universal Render Pipeline/Particles/SimpleLit' not found
Refreshing native plugins compatible for Editor in 0.50 ms, found 0 plugins.
Preloading 0 native plugins for Editor in 0.00 ms.
Unloading 3126 Unused Serialized files (Serialized files now loaded: 0)
System memory in use before: 145.4 MB.
System memory in use after: 145.6 MB.

Unloading 11 unused Assets to reduce memory usage. Loaded Objects now: 3910.
Total: 2.707900 ms (FindLiveObjects: 0.343800 ms CreateObjectMapping: 0.169300 ms MarkObjects: 2.172500 ms  DeleteObjects: 0.021600 ms)

========================================================================
Received Prepare
Registering precompiled user dll's ...
Registered in 0.002625 seconds.
Begin MonoManager ReloadAssembly
Native extension for WindowsStandalone target not found
Native extension for WebGL target not found
Refreshing native plugins compatible for Editor in 0.51 ms, found 0 plugins.
Preloading 0 native plugins for Editor in 0.00 ms.
Invoked RoslynAnalysisRunner static constructor.
RoslynAnalysisRunner will not be running.
RoslynAnalysisRunner has terminated.
Mono: successfully reloaded assembly
- Completed reload, in  0.792 seconds
Platform modules already initialized, skipping
Shader 'Universal Render Pipeline/Particles/Lit': fallback shader 'Universal Render Pipeline/Particles/SimpleLit' not found
Refreshing native plugins compatible for Editor in 0.50 ms, found 0 plugins.
Preloading 0 native plugins for Editor in 0.00 ms.
Unloading 3126 Unused Serialized files (Serialized files now loaded: 0)
System memory in use before: 145.4 MB.
System memory in use after: 145.6 MB.

Unloading 11 unused Assets to reduce memory usage. Loaded Objects now: 3913.
Total: 2.265400 ms (FindLiveObjects: 0.279400 ms CreateObjectMapping: 0.132100 ms MarkObjects: 1.836700 ms  DeleteObjects: 0.015900 ms)

========================================================================
Received Prepare
Registering precompiled user dll's ...
Registered in 0.002439 seconds.
Begin MonoManager ReloadAssembly
Native extension for WindowsStandalone target not found
Native extension for WebGL target not found
Refreshing native plugins compatible for Editor in 0.50 ms, found 0 plugins.
Preloading 0 native plugins for Editor in 0.00 ms.
Invoked RoslynAnalysisRunner static constructor.
RoslynAnalysisRunner will not be running.
RoslynAnalysisRunner has terminated.
Mono: successfully reloaded assembly
- Completed reload, in  0.815 seconds
Platform modules already initialized, skipping
Shader 'Universal Render Pipeline/Particles/Lit': fallback shader 'Universal Render Pipeline/Particles/SimpleLit' not found
Refreshing native plugins compatible for Editor in 0.52 ms, found 0 plugins.
Preloading 0 native plugins for Editor in 0.00 ms.
Unloading 3126 Unused Serialized files (Serialized files now loaded: 0)
System memory in use before: 145.4 MB.
System memory in use after: 145.6 MB.

Unloading 11 unused Assets to reduce memory usage. Loaded Objects now: 3916.
Total: 2.504600 ms (FindLiveObjects: 0.359900 ms CreateObjectMapping: 0.179800 ms MarkObjects: 1.942600 ms  DeleteObjects: 0.020800 ms)

========================================================================
Received Import Request.
  Time since last request: 237.623165 seconds.
  path: Assets/Scripts/Core/Input/Player.inputactions
  artifactKey: Guid(68b8ae586d7b56641a796b322e1649b0) Importer(815301076,1909f56bfc062723c751e8b465ee728b)
Start importing Assets/Scripts/Core/Input/Player.inputactions using Guid(68b8ae586d7b56641a796b322e1649b0) Importer(815301076,1909f56bfc062723c751e8b465ee728b)  -> (artifact id: '11302819b1f978acf7be6e67e354f096') in 0.018150 seconds
  Import took 0.023137 seconds .

========================================================================
Received Prepare
Registering precompiled user dll's ...
Registered in 0.002405 seconds.
Begin MonoManager ReloadAssembly
Native extension for WindowsStandalone target not found
Native extension for WebGL target not found
Refreshing native plugins compatible for Editor in 0.51 ms, found 0 plugins.
Preloading 0 native plugins for Editor in 0.00 ms.
Invoked RoslynAnalysisRunner static constructor.
RoslynAnalysisRunner will not be running.
RoslynAnalysisRunner has terminated.
Mono: successfully reloaded assembly
- Completed reload, in  0.803 seconds
Platform modules already initialized, skipping
Shader 'Universal Render Pipeline/Particles/Lit': fallback shader 'Universal Render Pipeline/Particles/SimpleLit' not found
Refreshing native plugins compatible for Editor in 0.52 ms, found 0 plugins.
Preloading 0 native plugins for Editor in 0.00 ms.
Unloading 3126 Unused Serialized files (Serialized files now loaded: 0)
System memory in use before: 145.4 MB.
System memory in use after: 145.6 MB.

Unloading 11 unused Assets to reduce memory usage. Loaded Objects now: 3919.
Total: 2.533400 ms (FindLiveObjects: 0.330300 ms CreateObjectMapping: 0.161000 ms MarkObjects: 2.022700 ms  DeleteObjects: 0.018200 ms)

========================================================================
Received Prepare
Registering precompiled user dll's ...
Registered in 0.002525 seconds.
Begin MonoManager ReloadAssembly
Native extension for WindowsStandalone target not found
Native extension for WebGL target not found
Refreshing native plugins compatible for Editor in 0.53 ms, found 0 plugins.
Preloading 0 native plugins for Editor in 0.00 ms.
Invoked RoslynAnalysisRunner static constructor.
RoslynAnalysisRunner will not be running.
RoslynAnalysisRunner has terminated.
Mono: successfully reloaded assembly
- Completed reload, in  0.804 seconds
Platform modules already initialized, skipping
Shader 'Universal Render Pipeline/Particles/Lit': fallback shader 'Universal Render Pipeline/Particles/SimpleLit' not found
Refreshing native plugins compatible for Editor in 0.50 ms, found 0 plugins.
Preloading 0 native plugins for Editor in 0.00 ms.
Unloading 3126 Unused Serialized files (Serialized files now loaded: 0)
System memory in use before: 145.4 MB.
System memory in use after: 145.6 MB.

Unloading 11 unused Assets to reduce memory usage. Loaded Objects now: 3922.
Total: 2.431300 ms (FindLiveObjects: 0.318500 ms CreateObjectMapping: 0.157800 ms MarkObjects: 1.937000 ms  DeleteObjects: 0.017300 ms)

========================================================================
Received Prepare
Registering precompiled user dll's ...
Registered in 0.002604 seconds.
Begin MonoManager ReloadAssembly
Native extension for WindowsStandalone target not found
Native extension for WebGL target not found
Refreshing native plugins compatible for Editor in 0.51 ms, found 0 plugins.
Preloading 0 native plugins for Editor in 0.00 ms.
Invoked RoslynAnalysisRunner static constructor.
RoslynAnalysisRunner will not be running.
RoslynAnalysisRunner has terminated.
Mono: successfully reloaded assembly
- Completed reload, in  0.811 seconds
Platform modules already initialized, skipping
Shader 'Universal Render Pipeline/Particles/Lit': fallback shader 'Universal Render Pipeline/Particles/SimpleLit' not found
Refreshing native plugins compatible for Editor in 0.51 ms, found 0 plugins.
Preloading 0 native plugins for Editor in 0.00 ms.
Unloading 3126 Unused Serialized files (Serialized files now loaded: 0)
System memory in use before: 145.4 MB.
System memory in use after: 145.6 MB.

Unloading 11 unused Assets to reduce memory usage. Loaded Objects now: 3925.
Total: 2.329500 ms (FindLiveObjects: 0.292900 ms CreateObjectMapping: 0.132300 ms MarkObjects: 1.886200 ms  DeleteObjects: 0.016900 ms)

========================================================================
Received Prepare
Registering precompiled user dll's ...
Registered in 0.002407 seconds.
Begin MonoManager ReloadAssembly
Native extension for WindowsStandalone target not found
Native extension for WebGL target not found
Refreshing native plugins compatible for Editor in 0.52 ms, found 0 plugins.
Preloading 0 native plugins for Editor in 0.00 ms.
Invoked RoslynAnalysisRunner static constructor.
RoslynAnalysisRunner will not be running.
RoslynAnalysisRunner has terminated.
Mono: successfully reloaded assembly
- Completed reload, in  0.794 seconds
Platform modules already initialized, skipping
Shader 'Universal Render Pipeline/Particles/Lit': fallback shader 'Universal Render Pipeline/Particles/SimpleLit' not found
Refreshing native plugins compatible for Editor in 0.51 ms, found 0 plugins.
Preloading 0 native plugins for Editor in 0.00 ms.
Unloading 3126 Unused Serialized files (Serialized files now loaded: 0)
System memory in use before: 145.4 MB.
System memory in use after: 145.7 MB.

Unloading 11 unused Assets to reduce memory usage. Loaded Objects now: 3928.
Total: 2.351600 ms (FindLiveObjects: 0.299800 ms CreateObjectMapping: 0.141700 ms MarkObjects: 1.890800 ms  DeleteObjects: 0.018400 ms)

========================================================================
Received Prepare
Registering precompiled user dll's ...
Registered in 0.002421 seconds.
Begin MonoManager ReloadAssembly
Native extension for WindowsStandalone target not found
Native extension for WebGL target not found
Refreshing native plugins compatible for Editor in 0.50 ms, found 0 plugins.
Preloading 0 native plugins for Editor in 0.00 ms.
Invoked RoslynAnalysisRunner static constructor.
RoslynAnalysisRunner will not be running.
RoslynAnalysisRunner has terminated.
Mono: successfully reloaded assembly
- Completed reload, in  0.778 seconds
Platform modules already initialized, skipping
Shader 'Universal Render Pipeline/Particles/Lit': fallback shader 'Universal Render Pipeline/Particles/SimpleLit' not found
Refreshing native plugins compatible for Editor in 0.52 ms, found 0 plugins.
Preloading 0 native plugins for Editor in 0.00 ms.
Unloading 3126 Unused Serialized files (Serialized files now loaded: 0)
System memory in use before: 145.4 MB.
System memory in use after: 145.7 MB.

Unloading 11 unused Assets to reduce memory usage. Loaded Objects now: 3931.
Total: 2.137400 ms (FindLiveObjects: 0.270700 ms CreateObjectMapping: 0.130400 ms MarkObjects: 1.720900 ms  DeleteObjects: 0.014700 ms)

AssetImportWorkerClient::OnTransportError - code=2 error=End of file
